Starting audit...
[ERROR] D:\Users\ravit\Desktop\MSIT\ADS-1\ADS-2-assignments\m16\16.1 BST\Solution.java:1: Missing a Javadoc comment. [JavadocType]
[ERROR] D:\Users\ravit\Desktop\MSIT\ADS-1\ADS-2-assignments\m16\16.1 BST\Solution.java:1:1: Utility classes should not have a public or default constructor. [HideUtilityClassConstructor]
[ERROR] D:\Users\ravit\Desktop\MSIT\ADS-1\ADS-2-assignments\m16\16.1 BST\Solution.java:2:1: File contains tab characters (this is the first instance). [FileTabCharacter]
[ERROR] D:\Users\ravit\Desktop\MSIT\ADS-1\ADS-2-assignments\m16\16.1 BST\Solution.java:2:9: Missing a Javadoc comment. [JavadocMethod]
[ERROR] D:\Users\ravit\Desktop\MSIT\ADS-1\ADS-2-assignments\m16\16.1 BST\Solution.java:2:33: Parameter args should be final. [FinalParameters]
[ERROR] D:\Users\ravit\Desktop\MSIT\ADS-1\ADS-2-assignments\m16\16.1 BST\Solution.java:13: Missing a Javadoc comment. [JavadocType]
[ERROR] D:\Users\ravit\Desktop\MSIT\ADS-1\ADS-2-assignments\m16\16.1 BST\Solution.java:14:9: Missing a Javadoc comment. [JavadocVariable]
[ERROR] D:\Users\ravit\Desktop\MSIT\ADS-1\ADS-2-assignments\m16\16.1 BST\Solution.java:14:14: Variable 'root' must be private and have accessor methods. [VisibilityModifier]
[ERROR] D:\Users\ravit\Desktop\MSIT\ADS-1\ADS-2-assignments\m16\16.1 BST\Solution.java:15:9: Missing a Javadoc comment. [JavadocVariable]
[ERROR] D:\Users\ravit\Desktop\MSIT\ADS-1\ADS-2-assignments\m16\16.1 BST\Solution.java:15:13: Variable 'size' must be private and have accessor methods. [VisibilityModifier]
[ERROR] D:\Users\ravit\Desktop\MSIT\ADS-1\ADS-2-assignments\m16\16.1 BST\Solution.java:16: Missing a Javadoc comment. [JavadocType]
[ERROR] D:\Users\ravit\Desktop\MSIT\ADS-1\ADS-2-assignments\m16\16.1 BST\Solution.java:17:17: Missing a Javadoc comment. [JavadocVariable]
[ERROR] D:\Users\ravit\Desktop\MSIT\ADS-1\ADS-2-assignments\m16\16.1 BST\Solution.java:17:22: Variable 'key' must be private and have accessor methods. [VisibilityModifier]
[ERROR] D:\Users\ravit\Desktop\MSIT\ADS-1\ADS-2-assignments\m16\16.1 BST\Solution.java:18:17: Missing a Javadoc comment. [JavadocVariable]
[ERROR] D:\Users\ravit\Desktop\MSIT\ADS-1\ADS-2-assignments\m16\16.1 BST\Solution.java:18:23: Variable 'value' must be private and have accessor methods. [VisibilityModifier]
[ERROR] D:\Users\ravit\Desktop\MSIT\ADS-1\ADS-2-assignments\m16\16.1 BST\Solution.java:19:17: Missing a Javadoc comment. [JavadocVariable]
[ERROR] D:\Users\ravit\Desktop\MSIT\ADS-1\ADS-2-assignments\m16\16.1 BST\Solution.java:19:22: Variable 'left' must be private and have accessor methods. [VisibilityModifier]
[ERROR] D:\Users\ravit\Desktop\MSIT\ADS-1\ADS-2-assignments\m16\16.1 BST\Solution.java:20:17: Missing a Javadoc comment. [JavadocVariable]
[ERROR] D:\Users\ravit\Desktop\MSIT\ADS-1\ADS-2-assignments\m16\16.1 BST\Solution.java:20:22: Variable 'right' must be private and have accessor methods. [VisibilityModifier]
[ERROR] D:\Users\ravit\Desktop\MSIT\ADS-1\ADS-2-assignments\m16\16.1 BST\Solution.java:21:17: Missing a Javadoc comment. [JavadocMethod]
[ERROR] D:\Users\ravit\Desktop\MSIT\ADS-1\ADS-2-assignments\m16\16.1 BST\Solution.java:21:22: Parameter key should be final. [FinalParameters]
[ERROR] D:\Users\ravit\Desktop\MSIT\ADS-1\ADS-2-assignments\m16\16.1 BST\Solution.java:21:27: 'key' hides a field. [HiddenField]
[ERROR] D:\Users\ravit\Desktop\MSIT\ADS-1\ADS-2-assignments\m16\16.1 BST\Solution.java:21:32: Parameter value should be final. [FinalParameters]
[ERROR] D:\Users\ravit\Desktop\MSIT\ADS-1\ADS-2-assignments\m16\16.1 BST\Solution.java:21:38: 'value' hides a field. [HiddenField]
[ERROR] D:\Users\ravit\Desktop\MSIT\ADS-1\ADS-2-assignments\m16\16.1 BST\Solution.java:26:9: Missing a Javadoc comment. [JavadocMethod]
[ERROR] D:\Users\ravit\Desktop\MSIT\ADS-1\ADS-2-assignments\m16\16.1 BST\Solution.java:29:9: Missing a Javadoc comment. [JavadocMethod]
[ERROR] D:\Users\ravit\Desktop\MSIT\ADS-1\ADS-2-assignments\m16\16.1 BST\Solution.java:29:25: Parameter k should be final. [FinalParameters]
[ERROR] D:\Users\ravit\Desktop\MSIT\ADS-1\ADS-2-assignments\m16\16.1 BST\Solution.java:29:33: Parameter v should be final. [FinalParameters]
[ERROR] D:\Users\ravit\Desktop\MSIT\ADS-1\ADS-2-assignments\m16\16.1 BST\Solution.java:42: Line has trailing spaces. [RegexpSingleline]
[ERROR] D:\Users\ravit\Desktop\MSIT\ADS-1\ADS-2-assignments\m16\16.1 BST\Solution.java:61:9: Missing a Javadoc comment. [JavadocMethod]
[ERROR] D:\Users\ravit\Desktop\MSIT\ADS-1\ADS-2-assignments\m16\16.1 BST\Solution.java:61:31: Parameter k should be final. [FinalParameters]
[ERROR] D:\Users\ravit\Desktop\MSIT\ADS-1\ADS-2-assignments\m16\16.1 BST\Solution.java:77:9: Missing a Javadoc comment. [JavadocMethod]
[ERROR] D:\Users\ravit\Desktop\MSIT\ADS-1\ADS-2-assignments\m16\16.1 BST\Solution.java:77:26: Parameter k should be final. [FinalParameters]
[ERROR] D:\Users\ravit\Desktop\MSIT\ADS-1\ADS-2-assignments\m16\16.1 BST\Solution.java:87: Line is longer than 80 characters (found 81). [LineLength]
[ERROR] D:\Users\ravit\Desktop\MSIT\ADS-1\ADS-2-assignments\m16\16.1 BST\Solution.java:90: Line is longer than 80 characters (found 81). [LineLength]
[ERROR] D:\Users\ravit\Desktop\MSIT\ADS-1\ADS-2-assignments\m16\16.1 BST\Solution.java:93: Line is longer than 80 characters (found 81). [LineLength]
[ERROR] D:\Users\ravit\Desktop\MSIT\ADS-1\ADS-2-assignments\m16\16.1 BST\Solution.java:103: Missing a Javadoc comment. [JavadocType]
[ERROR] D:\Users\ravit\Desktop\MSIT\ADS-1\ADS-2-assignments\m16\16.1 BST\Solution.java:104:9: Missing a Javadoc comment. [JavadocVariable]
[ERROR] D:\Users\ravit\Desktop\MSIT\ADS-1\ADS-2-assignments\m16\16.1 BST\Solution.java:104:16: Variable 'name' must be private and have accessor methods. [VisibilityModifier]
[ERROR] D:\Users\ravit\Desktop\MSIT\ADS-1\ADS-2-assignments\m16\16.1 BST\Solution.java:105:9: Missing a Javadoc comment. [JavadocVariable]
[ERROR] D:\Users\ravit\Desktop\MSIT\ADS-1\ADS-2-assignments\m16\16.1 BST\Solution.java:105:16: Variable 'author' must be private and have accessor methods. [VisibilityModifier]
[ERROR] D:\Users\ravit\Desktop\MSIT\ADS-1\ADS-2-assignments\m16\16.1 BST\Solution.java:106:9: Missing a Javadoc comment. [JavadocVariable]
[ERROR] D:\Users\ravit\Desktop\MSIT\ADS-1\ADS-2-assignments\m16\16.1 BST\Solution.java:106:16: Variable 'price' must be private and have accessor methods. [VisibilityModifier]
[ERROR] D:\Users\ravit\Desktop\MSIT\ADS-1\ADS-2-assignments\m16\16.1 BST\Solution.java:107:9: Missing a Javadoc comment. [JavadocMethod]
[ERROR] D:\Users\ravit\Desktop\MSIT\ADS-1\ADS-2-assignments\m16\16.1 BST\Solution.java:107:13: Parameter name should be final. [FinalParameters]
[ERROR] D:\Users\ravit\Desktop\MSIT\ADS-1\ADS-2-assignments\m16\16.1 BST\Solution.java:107:20: 'name' hides a field. [HiddenField]
[ERROR] D:\Users\ravit\Desktop\MSIT\ADS-1\ADS-2-assignments\m16\16.1 BST\Solution.java:107:26: Parameter author should be final. [FinalParameters]
[ERROR] D:\Users\ravit\Desktop\MSIT\ADS-1\ADS-2-assignments\m16\16.1 BST\Solution.java:107:33: 'author' hides a field. [HiddenField]
[ERROR] D:\Users\ravit\Desktop\MSIT\ADS-1\ADS-2-assignments\m16\16.1 BST\Solution.java:107:41: Parameter price should be final. [FinalParameters]
[ERROR] D:\Users\ravit\Desktop\MSIT\ADS-1\ADS-2-assignments\m16\16.1 BST\Solution.java:107:48: 'price' hides a field. [HiddenField]
[ERROR] D:\Users\ravit\Desktop\MSIT\ADS-1\ADS-2-assignments\m16\16.1 BST\Solution.java:112:9: Missing a Javadoc comment. [JavadocMethod]
[ERROR] D:\Users\ravit\Desktop\MSIT\ADS-1\ADS-2-assignments\m16\16.1 BST\Solution.java:112:30: Parameter other should be final. [FinalParameters]
[ERROR] D:\Users\ravit\Desktop\MSIT\ADS-1\ADS-2-assignments\m16\16.1 BST\Solution.java:113: 'if' construct must use '{}'s. [NeedBraces]
[ERROR] D:\Users\ravit\Desktop\MSIT\ADS-1\ADS-2-assignments\m16\16.1 BST\Solution.java:114: 'if' construct must use '{}'s. [NeedBraces]
[ERROR] D:\Users\ravit\Desktop\MSIT\ADS-1\ADS-2-assignments\m16\16.1 BST\Solution.java:117:9: Missing a Javadoc comment. [JavadocMethod]
Audit done.
Checkstyle ends with 55 errors.
