Starting audit...
[ERROR] D:\Users\ravit\Desktop\MSIT\ADS-1\ADS-2-assignments\m15\15.1 BinarySearchSymbolTable\Solution.java:0: File does not end with a newline. [NewlineAtEndOfFile]
[ERROR] D:\Users\ravit\Desktop\MSIT\ADS-1\ADS-2-assignments\m15\15.1 BinarySearchSymbolTable\Solution.java:1: Line is longer than 80 characters (found 91). [LineLength]
[ERROR] D:\Users\ravit\Desktop\MSIT\ADS-1\ADS-2-assignments\m15\15.1 BinarySearchSymbolTable\Solution.java:10:8: Unused import - java.util.Comparator. [UnusedImports]
[ERROR] D:\Users\ravit\Desktop\MSIT\ADS-1\ADS-2-assignments\m15\15.1 BinarySearchSymbolTable\Solution.java:12: Missing a Javadoc comment. [JavadocType]
[ERROR] D:\Users\ravit\Desktop\MSIT\ADS-1\ADS-2-assignments\m15\15.1 BinarySearchSymbolTable\Solution.java:12:1: Utility classes should not have a public or default constructor. [HideUtilityClassConstructor]
[ERROR] D:\Users\ravit\Desktop\MSIT\ADS-1\ADS-2-assignments\m15\15.1 BinarySearchSymbolTable\Solution.java:13:1: File contains tab characters (this is the first instance). [FileTabCharacter]
[ERROR] D:\Users\ravit\Desktop\MSIT\ADS-1\ADS-2-assignments\m15\15.1 BinarySearchSymbolTable\Solution.java:13:9: Missing a Javadoc comment. [JavadocMethod]
[ERROR] D:\Users\ravit\Desktop\MSIT\ADS-1\ADS-2-assignments\m15\15.1 BinarySearchSymbolTable\Solution.java:13:33: Parameter args should be final. [FinalParameters]
[ERROR] D:\Users\ravit\Desktop\MSIT\ADS-1\ADS-2-assignments\m15\15.1 BinarySearchSymbolTable\Solution.java:19:20: 'for' is not followed by whitespace. [WhitespaceAround]
[ERROR] D:\Users\ravit\Desktop\MSIT\ADS-1\ADS-2-assignments\m15\15.1 BinarySearchSymbolTable\Solution.java:19:28: '=' is not followed by whitespace. [WhitespaceAround]
[ERROR] D:\Users\ravit\Desktop\MSIT\ADS-1\ADS-2-assignments\m15\15.1 BinarySearchSymbolTable\Solution.java:19:30: ';' is not followed by whitespace. [WhitespaceAfter]
[ERROR] D:\Users\ravit\Desktop\MSIT\ADS-1\ADS-2-assignments\m15\15.1 BinarySearchSymbolTable\Solution.java:19:31: '<' is not preceded with whitespace. [WhitespaceAround]
[ERROR] D:\Users\ravit\Desktop\MSIT\ADS-1\ADS-2-assignments\m15\15.1 BinarySearchSymbolTable\Solution.java:19:32: '<' is not followed by whitespace. [WhitespaceAround]
[ERROR] D:\Users\ravit\Desktop\MSIT\ADS-1\ADS-2-assignments\m15\15.1 BinarySearchSymbolTable\Solution.java:19:43: ';' is not followed by whitespace. [WhitespaceAfter]
[ERROR] D:\Users\ravit\Desktop\MSIT\ADS-1\ADS-2-assignments\m15\15.1 BinarySearchSymbolTable\Solution.java:19:47: '{' is not preceded with whitespace. [WhitespaceAround]
[ERROR] D:\Users\ravit\Desktop\MSIT\ADS-1\ADS-2-assignments\m15\15.1 BinarySearchSymbolTable\Solution.java:20:38: ',' is not followed by whitespace. [WhitespaceAfter]
[ERROR] D:\Users\ravit\Desktop\MSIT\ADS-1\ADS-2-assignments\m15\15.1 BinarySearchSymbolTable\Solution.java:22:22: 'while' is not followed by whitespace. [WhitespaceAround]
[ERROR] D:\Users\ravit\Desktop\MSIT\ADS-1\ADS-2-assignments\m15\15.1 BinarySearchSymbolTable\Solution.java:24:31: 'switch' is not followed by whitespace. [WhitespaceAround]
[ERROR] D:\Users\ravit\Desktop\MSIT\ADS-1\ADS-2-assignments\m15\15.1 BinarySearchSymbolTable\Solution.java:49: Line has trailing spaces. [RegexpSingleline]
[ERROR] D:\Users\ravit\Desktop\MSIT\ADS-1\ADS-2-assignments\m15\15.1 BinarySearchSymbolTable\Solution.java:55: Line has trailing spaces. [RegexpSingleline]
[ERROR] D:\Users\ravit\Desktop\MSIT\ADS-1\ADS-2-assignments\m15\15.1 BinarySearchSymbolTable\Solution.java:57: Line has trailing spaces. [RegexpSingleline]
[ERROR] D:\Users\ravit\Desktop\MSIT\ADS-1\ADS-2-assignments\m15\15.1 BinarySearchSymbolTable\Solution.java:60: Missing a Javadoc comment. [JavadocType]
[ERROR] D:\Users\ravit\Desktop\MSIT\ADS-1\ADS-2-assignments\m15\15.1 BinarySearchSymbolTable\Solution.java:61:12: Missing a Javadoc comment. [JavadocVariable]
[ERROR] D:\Users\ravit\Desktop\MSIT\ADS-1\ADS-2-assignments\m15\15.1 BinarySearchSymbolTable\Solution.java:61:15: Variable 'keys' must be private and have accessor methods. [VisibilityModifier]
[ERROR] D:\Users\ravit\Desktop\MSIT\ADS-1\ADS-2-assignments\m15\15.1 BinarySearchSymbolTable\Solution.java:62:14: Missing a Javadoc comment. [JavadocVariable]
[ERROR] D:\Users\ravit\Desktop\MSIT\ADS-1\ADS-2-assignments\m15\15.1 BinarySearchSymbolTable\Solution.java:62:17: Variable 'values' must be private and have accessor methods. [VisibilityModifier]
[ERROR] D:\Users\ravit\Desktop\MSIT\ADS-1\ADS-2-assignments\m15\15.1 BinarySearchSymbolTable\Solution.java:63:9: Missing a Javadoc comment. [JavadocVariable]
[ERROR] D:\Users\ravit\Desktop\MSIT\ADS-1\ADS-2-assignments\m15\15.1 BinarySearchSymbolTable\Solution.java:63:13: Variable 'size' must be private and have accessor methods. [VisibilityModifier]
[ERROR] D:\Users\ravit\Desktop\MSIT\ADS-1\ADS-2-assignments\m15\15.1 BinarySearchSymbolTable\Solution.java:65:9: Missing a Javadoc comment. [JavadocMethod]
[ERROR] D:\Users\ravit\Desktop\MSIT\ADS-1\ADS-2-assignments\m15\15.1 BinarySearchSymbolTable\Solution.java:66:31: 'typecast' is not followed by whitespace. [WhitespaceAfter]
[ERROR] D:\Users\ravit\Desktop\MSIT\ADS-1\ADS-2-assignments\m15\15.1 BinarySearchSymbolTable\Solution.java:66:46: '10' is a magic number. [MagicNumber]
[ERROR] D:\Users\ravit\Desktop\MSIT\ADS-1\ADS-2-assignments\m15\15.1 BinarySearchSymbolTable\Solution.java:67:35: 'typecast' is not followed by whitespace. [WhitespaceAfter]
[ERROR] D:\Users\ravit\Desktop\MSIT\ADS-1\ADS-2-assignments\m15\15.1 BinarySearchSymbolTable\Solution.java:67:50: '10' is a magic number. [MagicNumber]
[ERROR] D:\Users\ravit\Desktop\MSIT\ADS-1\ADS-2-assignments\m15\15.1 BinarySearchSymbolTable\Solution.java:70:9: Missing a Javadoc comment. [JavadocMethod]
[ERROR] D:\Users\ravit\Desktop\MSIT\ADS-1\ADS-2-assignments\m15\15.1 BinarySearchSymbolTable\Solution.java:70:33: Parameter key should be final. [FinalParameters]
[ERROR] D:\Users\ravit\Desktop\MSIT\ADS-1\ADS-2-assignments\m15\15.1 BinarySearchSymbolTable\Solution.java:78:9: Missing a Javadoc comment. [JavadocMethod]
[ERROR] D:\Users\ravit\Desktop\MSIT\ADS-1\ADS-2-assignments\m15\15.1 BinarySearchSymbolTable\Solution.java:78:25: Parameter key should be final. [FinalParameters]
[ERROR] D:\Users\ravit\Desktop\MSIT\ADS-1\ADS-2-assignments\m15\15.1 BinarySearchSymbolTable\Solution.java:90: 'if' construct must use '{}'s. [NeedBraces]
[ERROR] D:\Users\ravit\Desktop\MSIT\ADS-1\ADS-2-assignments\m15\15.1 BinarySearchSymbolTable\Solution.java:91: 'if' construct must use '{}'s. [NeedBraces]
[ERROR] D:\Users\ravit\Desktop\MSIT\ADS-1\ADS-2-assignments\m15\15.1 BinarySearchSymbolTable\Solution.java:92: 'else' construct must use '{}'s. [NeedBraces]
[ERROR] D:\Users\ravit\Desktop\MSIT\ADS-1\ADS-2-assignments\m15\15.1 BinarySearchSymbolTable\Solution.java:96:9: Missing a Javadoc comment. [JavadocMethod]
[ERROR] D:\Users\ravit\Desktop\MSIT\ADS-1\ADS-2-assignments\m15\15.1 BinarySearchSymbolTable\Solution.java:96:30: Parameter i should be final. [FinalParameters]
[ERROR] D:\Users\ravit\Desktop\MSIT\ADS-1\ADS-2-assignments\m15\15.1 BinarySearchSymbolTable\Solution.java:96:37: Parameter j should be final. [FinalParameters]
[ERROR] D:\Users\ravit\Desktop\MSIT\ADS-1\ADS-2-assignments\m15\15.1 BinarySearchSymbolTable\Solution.java:104:9: Missing a Javadoc comment. [JavadocMethod]
[ERROR] D:\Users\ravit\Desktop\MSIT\ADS-1\ADS-2-assignments\m15\15.1 BinarySearchSymbolTable\Solution.java:104:25: Parameter key should be final. [FinalParameters]
[ERROR] D:\Users\ravit\Desktop\MSIT\ADS-1\ADS-2-assignments\m15\15.1 BinarySearchSymbolTable\Solution.java:104:34: Parameter val should be final. [FinalParameters]
[ERROR] D:\Users\ravit\Desktop\MSIT\ADS-1\ADS-2-assignments\m15\15.1 BinarySearchSymbolTable\Solution.java:111: Line is longer than 80 characters (found 82). [LineLength]
[ERROR] D:\Users\ravit\Desktop\MSIT\ADS-1\ADS-2-assignments\m15\15.1 BinarySearchSymbolTable\Solution.java:122: Line is longer than 80 characters (found 82). [LineLength]
[ERROR] D:\Users\ravit\Desktop\MSIT\ADS-1\ADS-2-assignments\m15\15.1 BinarySearchSymbolTable\Solution.java:127:9: Missing a Javadoc comment. [JavadocMethod]
[ERROR] D:\Users\ravit\Desktop\MSIT\ADS-1\ADS-2-assignments\m15\15.1 BinarySearchSymbolTable\Solution.java:127:26: Parameter key should be final. [FinalParameters]
[ERROR] D:\Users\ravit\Desktop\MSIT\ADS-1\ADS-2-assignments\m15\15.1 BinarySearchSymbolTable\Solution.java:129:19: 'if' is not followed by whitespace. [WhitespaceAround]
[ERROR] D:\Users\ravit\Desktop\MSIT\ADS-1\ADS-2-assignments\m15\15.1 BinarySearchSymbolTable\Solution.java:132:30: '-' is not preceded with whitespace. [WhitespaceAround]
[ERROR] D:\Users\ravit\Desktop\MSIT\ADS-1\ADS-2-assignments\m15\15.1 BinarySearchSymbolTable\Solution.java:132:31: '-' is not followed by whitespace. [WhitespaceAround]
[ERROR] D:\Users\ravit\Desktop\MSIT\ADS-1\ADS-2-assignments\m15\15.1 BinarySearchSymbolTable\Solution.java:134:9: Missing a Javadoc comment. [JavadocMethod]
[ERROR] D:\Users\ravit\Desktop\MSIT\ADS-1\ADS-2-assignments\m15\15.1 BinarySearchSymbolTable\Solution.java:134:26: Parameter key should be final. [FinalParameters]
[ERROR] D:\Users\ravit\Desktop\MSIT\ADS-1\ADS-2-assignments\m15\15.1 BinarySearchSymbolTable\Solution.java:135:19: 'if' is not followed by whitespace. [WhitespaceAround]
[ERROR] D:\Users\ravit\Desktop\MSIT\ADS-1\ADS-2-assignments\m15\15.1 BinarySearchSymbolTable\Solution.java:142:9: Missing a Javadoc comment. [JavadocMethod]
[ERROR] D:\Users\ravit\Desktop\MSIT\ADS-1\ADS-2-assignments\m15\15.1 BinarySearchSymbolTable\Solution.java:143:33: '-' is not preceded with whitespace. [WhitespaceAround]
[ERROR] D:\Users\ravit\Desktop\MSIT\ADS-1\ADS-2-assignments\m15\15.1 BinarySearchSymbolTable\Solution.java:143:34: '-' is not followed by whitespace. [WhitespaceAround]
[ERROR] D:\Users\ravit\Desktop\MSIT\ADS-1\ADS-2-assignments\m15\15.1 BinarySearchSymbolTable\Solution.java:145:9: Missing a Javadoc comment. [JavadocMethod]
[ERROR] D:\Users\ravit\Desktop\MSIT\ADS-1\ADS-2-assignments\m15\15.1 BinarySearchSymbolTable\Solution.java:150:9: Missing a Javadoc comment. [JavadocMethod]
Audit done.
Checkstyle ends with 61 errors.
