Starting audit...
[ERROR] D:\Users\ravit\Desktop\MSIT\ADS-1\ADS-2-assignments\m24\2\Solution.java:0: File does not end with a newline. [NewlineAtEndOfFile]
[ERROR] D:\Users\ravit\Desktop\MSIT\ADS-1\ADS-2-assignments\m24\2\Solution.java:5: Missing a Javadoc comment. [JavadocType]
[ERROR] D:\Users\ravit\Desktop\MSIT\ADS-1\ADS-2-assignments\m24\2\Solution.java:5:1: Utility classes should not have a public or default constructor. [HideUtilityClassConstructor]
[ERROR] D:\Users\ravit\Desktop\MSIT\ADS-1\ADS-2-assignments\m24\2\Solution.java:6:1: File contains tab characters (this is the first instance). [FileTabCharacter]
[ERROR] D:\Users\ravit\Desktop\MSIT\ADS-1\ADS-2-assignments\m24\2\Solution.java:6:9: Missing a Javadoc comment. [JavadocMethod]
[ERROR] D:\Users\ravit\Desktop\MSIT\ADS-1\ADS-2-assignments\m24\2\Solution.java:6:33: Parameter args should be final. [FinalParameters]
[ERROR] D:\Users\ravit\Desktop\MSIT\ADS-1\ADS-2-assignments\m24\2\Solution.java:18: Line has trailing spaces. [RegexpSingleline]
[ERROR] D:\Users\ravit\Desktop\MSIT\ADS-1\ADS-2-assignments\m24\2\Solution.java:30: Line is longer than 80 characters (found 89). [LineLength]
[ERROR] D:\Users\ravit\Desktop\MSIT\ADS-1\ADS-2-assignments\m24\2\Solution.java:59: Missing a Javadoc comment. [JavadocType]
[ERROR] D:\Users\ravit\Desktop\MSIT\ADS-1\ADS-2-assignments\m24\2\Solution.java:59:45: '>' is followed by an illegal character. [GenericWhitespace]
[ERROR] D:\Users\ravit\Desktop\MSIT\ADS-1\ADS-2-assignments\m24\2\Solution.java:59:45: '{' is not preceded with whitespace. [WhitespaceAround]
[ERROR] D:\Users\ravit\Desktop\MSIT\ADS-1\ADS-2-assignments\m24\2\Solution.java:60:9: Missing a Javadoc comment. [JavadocVariable]
[ERROR] D:\Users\ravit\Desktop\MSIT\ADS-1\ADS-2-assignments\m24\2\Solution.java:60:16: Variable 'name' must be private and have accessor methods. [VisibilityModifier]
[ERROR] D:\Users\ravit\Desktop\MSIT\ADS-1\ADS-2-assignments\m24\2\Solution.java:61:9: Missing a Javadoc comment. [JavadocVariable]
[ERROR] D:\Users\ravit\Desktop\MSIT\ADS-1\ADS-2-assignments\m24\2\Solution.java:61:16: Variable 'marks' must be private and have accessor methods. [VisibilityModifier]
[ERROR] D:\Users\ravit\Desktop\MSIT\ADS-1\ADS-2-assignments\m24\2\Solution.java:62:9: Missing a Javadoc comment. [JavadocVariable]
[ERROR] D:\Users\ravit\Desktop\MSIT\ADS-1\ADS-2-assignments\m24\2\Solution.java:62:13: Variable 'roll' must be private and have accessor methods. [VisibilityModifier]
[ERROR] D:\Users\ravit\Desktop\MSIT\ADS-1\ADS-2-assignments\m24\2\Solution.java:63:9: Missing a Javadoc comment. [JavadocMethod]
[ERROR] D:\Users\ravit\Desktop\MSIT\ADS-1\ADS-2-assignments\m24\2\Solution.java:63:17: Parameter n should be final. [FinalParameters]
[ERROR] D:\Users\ravit\Desktop\MSIT\ADS-1\ADS-2-assignments\m24\2\Solution.java:63:27: Parameter m should be final. [FinalParameters]
[ERROR] D:\Users\ravit\Desktop\MSIT\ADS-1\ADS-2-assignments\m24\2\Solution.java:63:37: Parameter r should be final. [FinalParameters]
[ERROR] D:\Users\ravit\Desktop\MSIT\ADS-1\ADS-2-assignments\m24\2\Solution.java:68:9: Missing a Javadoc comment. [JavadocMethod]
[ERROR] D:\Users\ravit\Desktop\MSIT\ADS-1\ADS-2-assignments\m24\2\Solution.java:68:30: Parameter other should be final. [FinalParameters]
[ERROR] D:\Users\ravit\Desktop\MSIT\ADS-1\ADS-2-assignments\m24\2\Solution.java:69: 'if' construct must use '{}'s. [NeedBraces]
[ERROR] D:\Users\ravit\Desktop\MSIT\ADS-1\ADS-2-assignments\m24\2\Solution.java:70: 'if' construct must use '{}'s. [NeedBraces]
[ERROR] D:\Users\ravit\Desktop\MSIT\ADS-1\ADS-2-assignments\m24\2\Solution.java:70: Line has trailing spaces. [RegexpSingleline]
[ERROR] D:\Users\ravit\Desktop\MSIT\ADS-1\ADS-2-assignments\m24\2\Solution.java:71: 'if' construct must use '{}'s. [NeedBraces]
[ERROR] D:\Users\ravit\Desktop\MSIT\ADS-1\ADS-2-assignments\m24\2\Solution.java:72: 'if' construct must use '{}'s. [NeedBraces]
[ERROR] D:\Users\ravit\Desktop\MSIT\ADS-1\ADS-2-assignments\m24\2\Solution.java:78: Missing a Javadoc comment. [JavadocType]
[ERROR] D:\Users\ravit\Desktop\MSIT\ADS-1\ADS-2-assignments\m24\2\Solution.java:79:9: Missing a Javadoc comment. [JavadocVariable]
[ERROR] D:\Users\ravit\Desktop\MSIT\ADS-1\ADS-2-assignments\m24\2\Solution.java:80:9: Missing a Javadoc comment. [JavadocVariable]
[ERROR] D:\Users\ravit\Desktop\MSIT\ADS-1\ADS-2-assignments\m24\2\Solution.java:81:9: Missing a Javadoc comment. [JavadocVariable]
[ERROR] D:\Users\ravit\Desktop\MSIT\ADS-1\ADS-2-assignments\m24\2\Solution.java:84: Missing a Javadoc comment. [JavadocType]
[ERROR] D:\Users\ravit\Desktop\MSIT\ADS-1\ADS-2-assignments\m24\2\Solution.java:85:17: Missing a Javadoc comment. [JavadocVariable]
[ERROR] D:\Users\ravit\Desktop\MSIT\ADS-1\ADS-2-assignments\m24\2\Solution.java:86:17: Missing a Javadoc comment. [JavadocVariable]
[ERROR] D:\Users\ravit\Desktop\MSIT\ADS-1\ADS-2-assignments\m24\2\Solution.java:92:9: Redundant 'public' modifier. [RedundantModifier]
[ERROR] D:\Users\ravit\Desktop\MSIT\ADS-1\ADS-2-assignments\m24\2\Solution.java:123: 'if' construct must use '{}'s. [NeedBraces]
[ERROR] D:\Users\ravit\Desktop\MSIT\ADS-1\ADS-2-assignments\m24\2\Solution.java:123: Line is longer than 80 characters (found 83). [LineLength]
[ERROR] D:\Users\ravit\Desktop\MSIT\ADS-1\ADS-2-assignments\m24\2\Solution.java:132:29: Parameter item should be final. [FinalParameters]
[ERROR] D:\Users\ravit\Desktop\MSIT\ADS-1\ADS-2-assignments\m24\2\Solution.java:137: 'if' construct must use '{}'s. [NeedBraces]
[ERROR] D:\Users\ravit\Desktop\MSIT\ADS-1\ADS-2-assignments\m24\2\Solution.java:138: 'else' construct must use '{}'s. [NeedBraces]
[ERROR] D:\Users\ravit\Desktop\MSIT\ADS-1\ADS-2-assignments\m24\2\Solution.java:143: Line is longer than 80 characters (found 84). [LineLength]
[ERROR] D:\Users\ravit\Desktop\MSIT\ADS-1\ADS-2-assignments\m24\2\Solution.java:149: 'if' construct must use '{}'s. [NeedBraces]
[ERROR] D:\Users\ravit\Desktop\MSIT\ADS-1\ADS-2-assignments\m24\2\Solution.java:149: Line is longer than 80 characters (found 83). [LineLength]
[ERROR] D:\Users\ravit\Desktop\MSIT\ADS-1\ADS-2-assignments\m24\2\Solution.java:153: 'if' construct must use '{}'s. [NeedBraces]
[ERROR] D:\Users\ravit\Desktop\MSIT\ADS-1\ADS-2-assignments\m24\2\Solution.java:172: Line is longer than 80 characters (found 88). [LineLength]
[ERROR] D:\Users\ravit\Desktop\MSIT\ADS-1\ADS-2-assignments\m24\2\Solution.java:174: Line is longer than 80 characters (found 87). [LineLength]
[ERROR] D:\Users\ravit\Desktop\MSIT\ADS-1\ADS-2-assignments\m24\2\Solution.java:181: Missing a Javadoc comment. [JavadocType]
[ERROR] D:\Users\ravit\Desktop\MSIT\ADS-1\ADS-2-assignments\m24\2\Solution.java:182:17: Missing a Javadoc comment. [JavadocVariable]
[ERROR] D:\Users\ravit\Desktop\MSIT\ADS-1\ADS-2-assignments\m24\2\Solution.java:184:17: Missing a Javadoc comment. [JavadocMethod]
[ERROR] D:\Users\ravit\Desktop\MSIT\ADS-1\ADS-2-assignments\m24\2\Solution.java:184:17: Redundant 'public' modifier. [RedundantModifier]
[ERROR] D:\Users\ravit\Desktop\MSIT\ADS-1\ADS-2-assignments\m24\2\Solution.java:184:37: Parameter first should be final. [FinalParameters]
[ERROR] D:\Users\ravit\Desktop\MSIT\ADS-1\ADS-2-assignments\m24\2\Solution.java:184:48: 'first' hides a field. [HiddenField]
[ERROR] D:\Users\ravit\Desktop\MSIT\ADS-1\ADS-2-assignments\m24\2\Solution.java:188: Line is longer than 80 characters (found 89). [LineLength]
[ERROR] D:\Users\ravit\Desktop\MSIT\ADS-1\ADS-2-assignments\m24\2\Solution.java:188:43: '{' at column 29 should have line break after. [LeftCurly]
[ERROR] D:\Users\ravit\Desktop\MSIT\ADS-1\ADS-2-assignments\m24\2\Solution.java:189: Line is longer than 80 characters (found 89). [LineLength]
[ERROR] D:\Users\ravit\Desktop\MSIT\ADS-1\ADS-2-assignments\m24\2\Solution.java:189:43: '{' at column 29 should have line break after. [LeftCurly]
[ERROR] D:\Users\ravit\Desktop\MSIT\ADS-1\ADS-2-assignments\m24\2\Solution.java:191:17: Missing a Javadoc comment. [JavadocMethod]
[ERROR] D:\Users\ravit\Desktop\MSIT\ADS-1\ADS-2-assignments\m24\2\Solution.java:192: 'if' construct must use '{}'s. [NeedBraces]
Audit done.
Checkstyle ends with 59 errors.
