Starting audit...
[ERROR] D:\Users\ravit\Desktop\MSIT\ADS-1\ADS-2-assignments\m20\20.1 BST\Solution.java:1: Missing a Javadoc comment. [JavadocType]
[ERROR] D:\Users\ravit\Desktop\MSIT\ADS-1\ADS-2-assignments\m20\20.1 BST\Solution.java:1:1: Utility classes should not have a public or default constructor. [HideUtilityClassConstructor]
[ERROR] D:\Users\ravit\Desktop\MSIT\ADS-1\ADS-2-assignments\m20\20.1 BST\Solution.java:2:1: File contains tab characters (this is the first instance). [FileTabCharacter]
[ERROR] D:\Users\ravit\Desktop\MSIT\ADS-1\ADS-2-assignments\m20\20.1 BST\Solution.java:2:9: Missing a Javadoc comment. [JavadocMethod]
[ERROR] D:\Users\ravit\Desktop\MSIT\ADS-1\ADS-2-assignments\m20\20.1 BST\Solution.java:2:33: Parameter args should be final. [FinalParameters]
[ERROR] D:\Users\ravit\Desktop\MSIT\ADS-1\ADS-2-assignments\m20\20.1 BST\Solution.java:27: Missing a Javadoc comment. [JavadocType]
[ERROR] D:\Users\ravit\Desktop\MSIT\ADS-1\ADS-2-assignments\m20\20.1 BST\Solution.java:28:9: Missing a Javadoc comment. [JavadocVariable]
[ERROR] D:\Users\ravit\Desktop\MSIT\ADS-1\ADS-2-assignments\m20\20.1 BST\Solution.java:28:14: Variable 'top' must be private and have accessor methods. [VisibilityModifier]
[ERROR] D:\Users\ravit\Desktop\MSIT\ADS-1\ADS-2-assignments\m20\20.1 BST\Solution.java:29:9: Missing a Javadoc comment. [JavadocVariable]
[ERROR] D:\Users\ravit\Desktop\MSIT\ADS-1\ADS-2-assignments\m20\20.1 BST\Solution.java:29:13: Variable 'size' must be private and have accessor methods. [VisibilityModifier]
[ERROR] D:\Users\ravit\Desktop\MSIT\ADS-1\ADS-2-assignments\m20\20.1 BST\Solution.java:30: Missing a Javadoc comment. [JavadocType]
[ERROR] D:\Users\ravit\Desktop\MSIT\ADS-1\ADS-2-assignments\m20\20.1 BST\Solution.java:31:17: Missing a Javadoc comment. [JavadocVariable]
[ERROR] D:\Users\ravit\Desktop\MSIT\ADS-1\ADS-2-assignments\m20\20.1 BST\Solution.java:31:22: Variable 'left' must be private and have accessor methods. [VisibilityModifier]
[ERROR] D:\Users\ravit\Desktop\MSIT\ADS-1\ADS-2-assignments\m20\20.1 BST\Solution.java:32:17: Missing a Javadoc comment. [JavadocVariable]
[ERROR] D:\Users\ravit\Desktop\MSIT\ADS-1\ADS-2-assignments\m20\20.1 BST\Solution.java:32:22: Variable 'right' must be private and have accessor methods. [VisibilityModifier]
[ERROR] D:\Users\ravit\Desktop\MSIT\ADS-1\ADS-2-assignments\m20\20.1 BST\Solution.java:33:17: Missing a Javadoc comment. [JavadocVariable]
[ERROR] D:\Users\ravit\Desktop\MSIT\ADS-1\ADS-2-assignments\m20\20.1 BST\Solution.java:33:21: Variable 'key' must be private and have accessor methods. [VisibilityModifier]
[ERROR] D:\Users\ravit\Desktop\MSIT\ADS-1\ADS-2-assignments\m20\20.1 BST\Solution.java:34:17: Missing a Javadoc comment. [JavadocVariable]
[ERROR] D:\Users\ravit\Desktop\MSIT\ADS-1\ADS-2-assignments\m20\20.1 BST\Solution.java:34:23: Variable 'value' must be private and have accessor methods. [VisibilityModifier]
[ERROR] D:\Users\ravit\Desktop\MSIT\ADS-1\ADS-2-assignments\m20\20.1 BST\Solution.java:35:17: Missing a Javadoc comment. [JavadocVariable]
[ERROR] D:\Users\ravit\Desktop\MSIT\ADS-1\ADS-2-assignments\m20\20.1 BST\Solution.java:35:21: Variable 'count' must be private and have accessor methods. [VisibilityModifier]
[ERROR] D:\Users\ravit\Desktop\MSIT\ADS-1\ADS-2-assignments\m20\20.1 BST\Solution.java:36:17: Missing a Javadoc comment. [JavadocMethod]
[ERROR] D:\Users\ravit\Desktop\MSIT\ADS-1\ADS-2-assignments\m20\20.1 BST\Solution.java:36:22: Parameter data should be final. [FinalParameters]
[ERROR] D:\Users\ravit\Desktop\MSIT\ADS-1\ADS-2-assignments\m20\20.1 BST\Solution.java:36:32: Parameter value should be final. [FinalParameters]
[ERROR] D:\Users\ravit\Desktop\MSIT\ADS-1\ADS-2-assignments\m20\20.1 BST\Solution.java:36:38: 'value' hides a field. [HiddenField]
[ERROR] D:\Users\ravit\Desktop\MSIT\ADS-1\ADS-2-assignments\m20\20.1 BST\Solution.java:41:9: Missing a Javadoc comment. [JavadocMethod]
[ERROR] D:\Users\ravit\Desktop\MSIT\ADS-1\ADS-2-assignments\m20\20.1 BST\Solution.java:44:9: Missing a Javadoc comment. [JavadocMethod]
[ERROR] D:\Users\ravit\Desktop\MSIT\ADS-1\ADS-2-assignments\m20\20.1 BST\Solution.java:44:25: Parameter key should be final. [FinalParameters]
[ERROR] D:\Users\ravit\Desktop\MSIT\ADS-1\ADS-2-assignments\m20\20.1 BST\Solution.java:44:34: Parameter value should be final. [FinalParameters]
[ERROR] D:\Users\ravit\Desktop\MSIT\ADS-1\ADS-2-assignments\m20\20.1 BST\Solution.java:58: Line is longer than 80 characters (found 85). [LineLength]
[ERROR] D:\Users\ravit\Desktop\MSIT\ADS-1\ADS-2-assignments\m20\20.1 BST\Solution.java:61: Line is longer than 80 characters (found 85). [LineLength]
[ERROR] D:\Users\ravit\Desktop\MSIT\ADS-1\ADS-2-assignments\m20\20.1 BST\Solution.java:67: Line is longer than 80 characters (found 94). [LineLength]
[ERROR] D:\Users\ravit\Desktop\MSIT\ADS-1\ADS-2-assignments\m20\20.1 BST\Solution.java:78:9: Missing a Javadoc comment. [JavadocMethod]
[ERROR] D:\Users\ravit\Desktop\MSIT\ADS-1\ADS-2-assignments\m20\20.1 BST\Solution.java:78:26: Parameter node should be final. [FinalParameters]
[ERROR] D:\Users\ravit\Desktop\MSIT\ADS-1\ADS-2-assignments\m20\20.1 BST\Solution.java:79: 'if' construct must use '{}'s. [NeedBraces]
[ERROR] D:\Users\ravit\Desktop\MSIT\ADS-1\ADS-2-assignments\m20\20.1 BST\Solution.java:79:19: 'if' is not followed by whitespace. [WhitespaceAround]
[ERROR] D:\Users\ravit\Desktop\MSIT\ADS-1\ADS-2-assignments\m20\20.1 BST\Solution.java:99:9: Missing a Javadoc comment. [JavadocMethod]
[ERROR] D:\Users\ravit\Desktop\MSIT\ADS-1\ADS-2-assignments\m20\20.1 BST\Solution.java:99:27: Parameter node should be final. [FinalParameters]
[ERROR] D:\Users\ravit\Desktop\MSIT\ADS-1\ADS-2-assignments\m20\20.1 BST\Solution.java:100: 'if' construct must use '{}'s. [NeedBraces]
[ERROR] D:\Users\ravit\Desktop\MSIT\ADS-1\ADS-2-assignments\m20\20.1 BST\Solution.java:114: Missing a Javadoc comment. [JavadocType]
[ERROR] D:\Users\ravit\Desktop\MSIT\ADS-1\ADS-2-assignments\m20\20.1 BST\Solution.java:115:9: Missing a Javadoc comment. [JavadocVariable]
[ERROR] D:\Users\ravit\Desktop\MSIT\ADS-1\ADS-2-assignments\m20\20.1 BST\Solution.java:115:16: Variable 'name' must be private and have accessor methods. [VisibilityModifier]
[ERROR] D:\Users\ravit\Desktop\MSIT\ADS-1\ADS-2-assignments\m20\20.1 BST\Solution.java:116:9: Missing a Javadoc comment. [JavadocVariable]
[ERROR] D:\Users\ravit\Desktop\MSIT\ADS-1\ADS-2-assignments\m20\20.1 BST\Solution.java:116:16: Variable 'author' must be private and have accessor methods. [VisibilityModifier]
[ERROR] D:\Users\ravit\Desktop\MSIT\ADS-1\ADS-2-assignments\m20\20.1 BST\Solution.java:117:9: Missing a Javadoc comment. [JavadocVariable]
[ERROR] D:\Users\ravit\Desktop\MSIT\ADS-1\ADS-2-assignments\m20\20.1 BST\Solution.java:117:16: Variable 'price' must be private and have accessor methods. [VisibilityModifier]
[ERROR] D:\Users\ravit\Desktop\MSIT\ADS-1\ADS-2-assignments\m20\20.1 BST\Solution.java:118:9: Missing a Javadoc comment. [JavadocMethod]
[ERROR] D:\Users\ravit\Desktop\MSIT\ADS-1\ADS-2-assignments\m20\20.1 BST\Solution.java:118:13: Parameter name should be final. [FinalParameters]
[ERROR] D:\Users\ravit\Desktop\MSIT\ADS-1\ADS-2-assignments\m20\20.1 BST\Solution.java:118:20: 'name' hides a field. [HiddenField]
[ERROR] D:\Users\ravit\Desktop\MSIT\ADS-1\ADS-2-assignments\m20\20.1 BST\Solution.java:118:26: Parameter author should be final. [FinalParameters]
[ERROR] D:\Users\ravit\Desktop\MSIT\ADS-1\ADS-2-assignments\m20\20.1 BST\Solution.java:118:33: 'author' hides a field. [HiddenField]
[ERROR] D:\Users\ravit\Desktop\MSIT\ADS-1\ADS-2-assignments\m20\20.1 BST\Solution.java:118:41: Parameter price should be final. [FinalParameters]
[ERROR] D:\Users\ravit\Desktop\MSIT\ADS-1\ADS-2-assignments\m20\20.1 BST\Solution.java:118:48: 'price' hides a field. [HiddenField]
[ERROR] D:\Users\ravit\Desktop\MSIT\ADS-1\ADS-2-assignments\m20\20.1 BST\Solution.java:123:9: Missing a Javadoc comment. [JavadocMethod]
[ERROR] D:\Users\ravit\Desktop\MSIT\ADS-1\ADS-2-assignments\m20\20.1 BST\Solution.java:123:30: Parameter other should be final. [FinalParameters]
Audit done.
Checkstyle ends with 55 errors.
