Starting audit...
[ERROR] D:\Users\ravit\Desktop\MSIT\ADS-1\ADS-2-assignments\m12\Assignment-1\Student.java:0: File does not end with a newline. [NewlineAtEndOfFile]
[ERROR] D:\Users\ravit\Desktop\MSIT\ADS-1\ADS-2-assignments\m12\Assignment-1\Student.java:5:1: File contains tab characters (this is the first instance). [FileTabCharacter]
[ERROR] D:\Users\ravit\Desktop\MSIT\ADS-1\ADS-2-assignments\m12\Assignment-1\Student.java:5:9: Missing a Javadoc comment. [JavadocVariable]
[ERROR] D:\Users\ravit\Desktop\MSIT\ADS-1\ADS-2-assignments\m12\Assignment-1\Student.java:6:9: Missing a Javadoc comment. [JavadocVariable]
[ERROR] D:\Users\ravit\Desktop\MSIT\ADS-1\ADS-2-assignments\m12\Assignment-1\Student.java:7:9: Missing a Javadoc comment. [JavadocVariable]
[ERROR] D:\Users\ravit\Desktop\MSIT\ADS-1\ADS-2-assignments\m12\Assignment-1\Student.java:8:9: Missing a Javadoc comment. [JavadocVariable]
[ERROR] D:\Users\ravit\Desktop\MSIT\ADS-1\ADS-2-assignments\m12\Assignment-1\Student.java:9:9: Missing a Javadoc comment. [JavadocVariable]
[ERROR] D:\Users\ravit\Desktop\MSIT\ADS-1\ADS-2-assignments\m12\Assignment-1\Student.java:10:9: Missing a Javadoc comment. [JavadocVariable]
[ERROR] D:\Users\ravit\Desktop\MSIT\ADS-1\ADS-2-assignments\m12\Assignment-1\Student.java:11:9: Missing a Javadoc comment. [JavadocVariable]
[ERROR] D:\Users\ravit\Desktop\MSIT\ADS-1\ADS-2-assignments\m12\Assignment-1\Student.java:12:9: Missing a Javadoc comment. [JavadocVariable]
[ERROR] D:\Users\ravit\Desktop\MSIT\ADS-1\ADS-2-assignments\m12\Assignment-1\Student.java:13:9: Missing a Javadoc comment. [JavadocVariable]
[ERROR] D:\Users\ravit\Desktop\MSIT\ADS-1\ADS-2-assignments\m12\Assignment-1\Student.java:19:32: '{' is not preceded with whitespace. [WhitespaceAround]
[ERROR] D:\Users\ravit\Desktop\MSIT\ADS-1\ADS-2-assignments\m12\Assignment-1\Student.java:54:9: Missing a Javadoc comment. [JavadocMethod]
[ERROR] D:\Users\ravit\Desktop\MSIT\ADS-1\ADS-2-assignments\m12\Assignment-1\Student.java:92: Line is longer than 80 characters (found 113). [LineLength]
[ERROR] D:\Users\ravit\Desktop\MSIT\ADS-1\ADS-2-assignments\m12\Assignment-1\Student.java:92:17: Parameter name should be final. [FinalParameters]
[ERROR] D:\Users\ravit\Desktop\MSIT\ADS-1\ADS-2-assignments\m12\Assignment-1\Student.java:92:24: 'name' hides a field. [HiddenField]
[ERROR] D:\Users\ravit\Desktop\MSIT\ADS-1\ADS-2-assignments\m12\Assignment-1\Student.java:92:30: Parameter dob should be final. [FinalParameters]
[ERROR] D:\Users\ravit\Desktop\MSIT\ADS-1\ADS-2-assignments\m12\Assignment-1\Student.java:92:42: Parameter marks1 should be final. [FinalParameters]
[ERROR] D:\Users\ravit\Desktop\MSIT\ADS-1\ADS-2-assignments\m12\Assignment-1\Student.java:92:49: 'marks1' hides a field. [HiddenField]
[ERROR] D:\Users\ravit\Desktop\MSIT\ADS-1\ADS-2-assignments\m12\Assignment-1\Student.java:92:57: Parameter marks2 should be final. [FinalParameters]
[ERROR] D:\Users\ravit\Desktop\MSIT\ADS-1\ADS-2-assignments\m12\Assignment-1\Student.java:92:64: 'marks2' hides a field. [HiddenField]
[ERROR] D:\Users\ravit\Desktop\MSIT\ADS-1\ADS-2-assignments\m12\Assignment-1\Student.java:92:72: Parameter marks3 should be final. [FinalParameters]
[ERROR] D:\Users\ravit\Desktop\MSIT\ADS-1\ADS-2-assignments\m12\Assignment-1\Student.java:92:79: 'marks3' hides a field. [HiddenField]
[ERROR] D:\Users\ravit\Desktop\MSIT\ADS-1\ADS-2-assignments\m12\Assignment-1\Student.java:92:87: Parameter tmarks should be final. [FinalParameters]
[ERROR] D:\Users\ravit\Desktop\MSIT\ADS-1\ADS-2-assignments\m12\Assignment-1\Student.java:92:94: 'tmarks' hides a field. [HiddenField]
[ERROR] D:\Users\ravit\Desktop\MSIT\ADS-1\ADS-2-assignments\m12\Assignment-1\Student.java:92:102: Parameter rc should be final. [FinalParameters]
[ERROR] D:\Users\ravit\Desktop\MSIT\ADS-1\ADS-2-assignments\m12\Assignment-1\Student.java:92:109: 'rc' hides a field. [HiddenField]
[ERROR] D:\Users\ravit\Desktop\MSIT\ADS-1\ADS-2-assignments\m12\Assignment-1\Student.java:112:30: Parameter other should be final. [FinalParameters]
[ERROR] D:\Users\ravit\Desktop\MSIT\ADS-1\ADS-2-assignments\m12\Assignment-1\Student.java:158:33: Parameter other should be final. [FinalParameters]
[ERROR] D:\Users\ravit\Desktop\MSIT\ADS-1\ADS-2-assignments\m12\Assignment-1\Student.java:159: Line is longer than 80 characters (found 140). [LineLength]
[ERROR] D:\Users\ravit\Desktop\MSIT\ADS-1\ADS-2-assignments\m12\Assignment-1\Student.java:162: Line is longer than 80 characters (found 142). [LineLength]
Audit done.
Checkstyle ends with 31 errors.
